{"failedCount":1,"prefixedPath":"classpath:examples\/users\/users.feature","packageQualifiedName":"examples.users.users","loopIndex":-1,"relativePath":"examples\/users\/users.feature","scenarioResults":[{"sectionIndex":0,"stepResults":[{"result":{"nanos":2526800,"millis":2.5268,"status":"passed"},"step":{"background":true,"line":5,"prefix":"*","index":0,"text":"url 'https:\/\/qa-api.atmax.co\/api\/'"},"stepLog":"22:09:18.641 karate.env system property was: null \n"},{"result":{"nanos":1128501,"millis":1.128501,"status":"passed"},"step":{"line":8,"prefix":"Given","index":0,"text":"path 'auth\/login'"}},{"result":{"nanos":1303799,"millis":1.303799,"status":"passed"},"step":{"line":9,"prefix":"And","index":1,"text":"request 'email=atmax@123&password=Atmax@123&url=https:\/\/atmax-qa.atmax.co\/incentmax\/'"}},{"result":{"nanos":2593099,"millis":2.593099,"status":"passed"},"step":{"line":10,"prefix":"And","index":2,"text":"header Content-Type = 'application\/json'"}},{"result":{"nanos":1953697901,"errorMessage":"http call failed after 1855 milliseconds for url: https:\/\/qa-api.atmax.co\/api\/auth\/login\nclasspath:examples\/users\/users.feature:11","millis":1953.697901,"status":"failed"},"step":{"line":11,"prefix":"When","index":3,"text":"method post"},"stepLog":"22:09:20.317 request:\n1 > POST https:\/\/qa-api.atmax.co\/api\/auth\/login\n1 > Content-Type: application\/json; charset=UTF-8\n1 > Content-Length: 75\n1 > Host: qa-api.atmax.co\n1 > Connection: Keep-Alive\n1 > User-Agent: Apache-HttpClient\/4.5.13 (Java\/1.8.0_311)\n1 > Accept-Encoding: gzip,deflate\nemail=atmax@123&password=Atmax@123&url=https:\/\/atmax-qa.atmax.co\/incentmax\/\n\n22:09:20.750 javax.net.ssl.SSLHandshakeException: sun.security.validator.ValidatorException: PKIX path building failed: sun.security.provider.certpath.SunCertPathBuilderException: unable to find valid certification path to requested target, http call failed after 1855 milliseconds for url: https:\/\/qa-api.atmax.co\/api\/auth\/login\n22:09:20.751 classpath:examples\/users\/users.feature:11\nWhen method post\nhttp call failed after 1855 milliseconds for url: https:\/\/qa-api.atmax.co\/api\/auth\/login\nclasspath:examples\/users\/users.feature:11\n"},{"result":{"nanos":0,"millis":0.0,"status":"skipped"},"step":{"line":12,"prefix":"Then","index":4,"text":"status 200"}},{"result":{"nanos":0,"millis":0.0,"status":"skipped"},"step":{"line":13,"prefix":"And","index":5,"text":"match response == 'success'"}},{"result":{"nanos":0,"millis":0.0,"status":"skipped"},"step":{"line":15,"prefix":"*","index":6,"text":"def first = response.token"}}],"line":7,"description":"","durationMillis":1961.2501,"failed":true,"error":"http call failed after 1855 milliseconds for url: https:\/\/qa-api.atmax.co\/api\/auth\/login\nclasspath:examples\/users\/users.feature:11","executorName":"pool-1-thread-1","name":"get Bearer token","startTime":1659371958271,"refId":"[1:7]","endTime":1659371960751,"exampleIndex":-1}],"callDepth":0,"name":"sample karate test script","description":"for help, see: https:\/\/github.com\/intuit\/karate\/wiki\/IDE-Support","resultDate":"2022-08-01 10:09:20 PM","durationMillis":1961.2501,"passedCount":0}