-------------------------------------------------------------------------------
Test set: examples.ExamplesTest
-------------------------------------------------------------------------------
Tests run: 1, Failures: 1, Errors: 0, Skipped: 0, Time elapsed: 19.339 s <<< FAILURE! - in examples.ExamplesTest
testParallel  Time elapsed: 19.326 s  <<< FAILURE!
org.opentest4j.AssertionFailedError: expected: <1> but was: <0>
	at examples.ExamplesTest.testParallel(ExamplesTest.java:15)

